<?xml version="1.0" encoding="UTF-8"?>
<testsuite name="com.aminenurgynk.BlogSpringBootMonoliticRestApi3ApplicationTests" tests="1" skipped="0" failures="0" errors="0" timestamp="2023-08-12T12:11:14" hostname="LAPTOP-F9SHUS4L" time="0.505">
  <properties/>
  <testcase name="contextLoads()" classname="com.aminenurgynk.BlogSpringBootMonoliticRestApi3ApplicationTests" time="0.505"/>
  <system-out><![CDATA[15:11:10.547 [Test worker] INFO org.springframework.test.context.support.AnnotationConfigContextLoaderUtils -- Could not detect default configuration classes for test class [com.aminenurgynk.BlogSpringBootMonoliticRestApi3ApplicationTests]: BlogSpringBootMonoliticRestApi3ApplicationTests does not declare any static, non-private, non-final, nested classes annotated with @Configuration.
15:11:10.646 [Test worker] INFO org.springframework.boot.test.context.SpringBootTestContextBootstrapper -- Found @SpringBootConfiguration com.aminenurgynk.Application for test class com.aminenurgynk.BlogSpringBootMonoliticRestApi3ApplicationTests

  .   ____          _            __ _ _
 /\\ / ___'_ __ _ _(_)_ __  __ _ \ \ \ \
( ( )\___ | '_ | '_| | '_ \/ _` | \ \ \ \
 \\/  ___)| |_)| | | | | || (_| |  ) ) ) )
  '  |____| .__|_| |_|_| |_\__, | / / / /
 =========|_|==============|___/=/_/_/_/
 :: Spring Boot ::                (v3.1.2)

2023-08-12T15:11:11.037+03:00  INFO 24624 --- [    Test worker] ingBootMonoliticRestApi3ApplicationTests : Starting BlogSpringBootMonoliticRestApi3ApplicationTests using Java 20 with PID 24624 (started by Aminenur Goynuk in D:\workspace\springBoot\Blog_SpringBoot_MonoliticRestAPI_3)
2023-08-12T15:11:11.038+03:00  INFO 24624 --- [    Test worker] ingBootMonoliticRestApi3ApplicationTests : No active profile set, falling back to 1 default profile: "default"
2023-08-12T15:11:11.639+03:00  INFO 24624 --- [    Test worker] .s.d.r.c.RepositoryConfigurationDelegate : Bootstrapping Spring Data JPA repositories in DEFAULT mode.
2023-08-12T15:11:11.709+03:00  INFO 24624 --- [    Test worker] .s.d.r.c.RepositoryConfigurationDelegate : Finished Spring Data repository scanning in 59 ms. Found 3 JPA repository interfaces.
2023-08-12T15:11:12.105+03:00  INFO 24624 --- [    Test worker] o.hibernate.jpa.internal.util.LogHelper  : HHH000204: Processing PersistenceUnitInfo [name: default]
2023-08-12T15:11:12.155+03:00  INFO 24624 --- [    Test worker] org.hibernate.Version                    : HHH000412: Hibernate ORM core version 6.2.6.Final
2023-08-12T15:11:12.158+03:00  INFO 24624 --- [    Test worker] org.hibernate.cfg.Environment            : HHH000406: Using bytecode reflection optimizer
2023-08-12T15:11:12.275+03:00  INFO 24624 --- [    Test worker] o.h.b.i.BytecodeProviderInitiator        : HHH000021: Bytecode provider name : bytebuddy
2023-08-12T15:11:12.397+03:00  INFO 24624 --- [    Test worker] o.s.o.j.p.SpringPersistenceUnitInfo      : No LoadTimeWeaver setup: ignoring JPA class transformer
2023-08-12T15:11:12.412+03:00  INFO 24624 --- [    Test worker] com.zaxxer.hikari.HikariDataSource       : HikariPool-1 - Starting...
2023-08-12T15:11:12.606+03:00  INFO 24624 --- [    Test worker] com.zaxxer.hikari.pool.HikariPool        : HikariPool-1 - Added connection org.postgresql.jdbc.PgConnection@2fac80a8
2023-08-12T15:11:12.607+03:00  INFO 24624 --- [    Test worker] com.zaxxer.hikari.HikariDataSource       : HikariPool-1 - Start completed.
2023-08-12T15:11:12.876+03:00  INFO 24624 --- [    Test worker] o.h.b.i.BytecodeProviderInitiator        : HHH000021: Bytecode provider name : bytebuddy
2023-08-12T15:11:13.457+03:00  INFO 24624 --- [    Test worker] o.h.e.t.j.p.i.JtaPlatformInitiator       : HHH000490: Using JtaPlatform implementation: [org.hibernate.engine.transaction.jta.platform.internal.NoJtaPlatform]
2023-08-12T15:11:13.507+03:00  INFO 24624 --- [    Test worker] j.LocalContainerEntityManagerFactoryBean : Initialized JPA EntityManagerFactory for persistence unit 'default'
2023-08-12T15:11:13.985+03:00  WARN 24624 --- [    Test worker] JpaBaseConfiguration$JpaWebConfiguration : spring.jpa.open-in-view is enabled by default. Therefore, database queries may be performed during view rendering. Explicitly configure spring.jpa.open-in-view to disable this warning
2023-08-12T15:11:14.336+03:00  INFO 24624 --- [    Test worker] ingBootMonoliticRestApi3ApplicationTests : Started BlogSpringBootMonoliticRestApi3ApplicationTests in 3.537 seconds (process running for 4.649)
]]></system-out>
  <system-err><![CDATA[]]></system-err>
</testsuite>
